<?xml version="1.0" encoding="UTF-8"?>
<testsuite xmlns:xsi="http://www.w3.org/2001/XMLSchema-instance" xsi:noNamespaceSchemaLocation="https://maven.apache.org/surefire/maven-surefire-plugin/xsd/surefire-test-report-3.0.xsd" version="3.0" name="com.OHRM.runner.TestRunner" time="64.038" tests="5" errors="0" skipped="0" failures="0">
  <properties>
[...]
</properties>
  <testcase name="Verify forgot password link" classname="OrangeHRM Login Functionality" time="22.06">
    <system-out><![CDATA[
Scenario: Verify forgot password link           &amp#27;[90m# features/login.feature:31&amp#27;[0m

Scenario: Successful login with valid credentials           &amp#27;[90m# features/login.feature:3&amp#27;[0m

Scenario: Failed login with invalid credentials              &amp#27;[90m# features/login.feature:10&amp#27;[0m

Scenario: Failed login with empty username             &amp#27;[90m# features/login.feature:17&amp#27;[0m

Scenario: Failed login with empty password          &amp#27;[90m# features/login.feature:24&amp#27;[0m
  &amp#27;[32mGiven &amp#27;[0m&amp#27;[32muser is on login page&amp#27;[0m                   &amp#27;[90m# com.OHRM.stepdefinitions.LoginSteps.userIsOnLoginPage()&amp#27;[0m
  &amp#27;[32mGiven &amp#27;[0m&amp#27;[32muser is on login page&amp#27;[0m                               &amp#27;[90m# com.OHRM.stepdefinitions.LoginSteps.userIsOnLoginPage()&amp#27;[0m
  &amp#27;[32mGiven &amp#27;[0m&amp#27;[32muser is on login page&amp#27;[0m                          &amp#27;[90m# com.OHRM.stepdefinitions.LoginSteps.userIsOnLoginPage()&amp#27;[0m
  &amp#27;[32mGiven &amp#27;[0m&amp#27;[32muser is on login page&amp#27;[0m                                &amp#27;[90m# com.OHRM.stepdefinitions.LoginSteps.userIsOnLoginPage()&amp#27;[0m
  &amp#27;[32mGiven &amp#27;[0m&amp#27;[32muser is on login page&amp#27;[0m                       &amp#27;[90m# com.OHRM.stepdefinitions.LoginSteps.userIsOnLoginPage()&amp#27;[0m
  &amp#27;[32mThen &amp#27;[0m&amp#27;[32mforgot password link should be displayed&amp#27;[0m &amp#27;[90m# com.OHRM.stepdefinitions.LoginSteps.forgotPasswordLinkShouldBeDisplayed()&amp#27;[0m
  &amp#27;[32mWhen &amp#27;[0m&amp#27;[32muser enters username &amp#27;[0m&amp#27;[32m&amp#27;[1m"Admin"&amp#27;[0m&amp#27;[32m and password &amp#27;[0m&amp#27;[32m&amp#27;[1m"admin123"&amp#27;[0m &amp#27;[90m# com.OHRM.stepdefinitions.LoginSteps.userEntersUsernameAndPassword(java.lang.String,java.lang.String)&amp#27;[0m
  &amp#27;[32mAnd &amp#27;[0m&amp#27;[32muser clicks on login button&amp#27;[0m                           &amp#27;[90m# com.OHRM.stepdefinitions.LoginSteps.userClicksOnLoginButton()&amp#27;[0m
  &amp#27;[32mWhen &amp#27;[0m&amp#27;[32muser enters username &amp#27;[0m&amp#27;[32m&amp#27;[1m"invalid"&amp#27;[0m&amp#27;[32m and password &amp#27;[0m&amp#27;[32m&amp#27;[1m"invalid"&amp#27;[0m &amp#27;[90m# com.OHRM.stepdefinitions.LoginSteps.userEntersUsernameAndPassword(java.lang.String,java.lang.String)&amp#27;[0m
  &amp#27;[32mWhen &amp#27;[0m&amp#27;[32muser enters username &amp#27;[0m&amp#27;[32m&amp#27;[1m""&amp#27;[0m&amp#27;[32m and password &amp#27;[0m&amp#27;[32m&amp#27;[1m"admin123"&amp#27;[0m &amp#27;[90m# com.OHRM.stepdefinitions.LoginSteps.userEntersUsernameAndPassword(java.lang.String,java.lang.String)&amp#27;[0m
  &amp#27;[32mAnd &amp#27;[0m&amp#27;[32muser clicks on login button&amp#27;[0m                            &amp#27;[90m# com.OHRM.stepdefinitions.LoginSteps.userClicksOnLoginButton()&amp#27;[0m
  &amp#27;[32mWhen &amp#27;[0m&amp#27;[32muser enters username &amp#27;[0m&amp#27;[32m&amp#27;[1m"Admin"&amp#27;[0m&amp#27;[32m and password &amp#27;[0m&amp#27;[32m&amp#27;[1m""&amp#27;[0m &amp#27;[90m# com.OHRM.stepdefinitions.LoginSteps.userEntersUsernameAndPassword(java.lang.String,java.lang.String)&amp#27;[0m
  &amp#27;[32mAnd &amp#27;[0m&amp#27;[32muser clicks on login button&amp#27;[0m                      &amp#27;[90m# com.OHRM.stepdefinitions.LoginSteps.userClicksOnLoginButton()&amp#27;[0m
  &amp#27;[32mAnd &amp#27;[0m&amp#27;[32muser clicks on login button&amp#27;[0m                   &amp#27;[90m# com.OHRM.stepdefinitions.LoginSteps.userClicksOnLoginButton()&amp#27;[0m
]]></system-out>
    <system-err><![CDATA[[ForkJoinPool-2-worker-1] INFO io.github.bonigarcia.wdm.WebDriverManager - Using chromedriver 141.0.7390.122 (resolved driver for Chrome 141)
[ForkJoinPool-2-worker-2] INFO io.github.bonigarcia.wdm.WebDriverManager - Using chromedriver 141.0.7390.122 (resolved driver for Chrome 141)
[ForkJoinPool-2-worker-1] INFO io.github.bonigarcia.wdm.WebDriverManager - Exporting webdriver.chrome.driver as C:\Users\akrem testeur\.cache\selenium\chromedriver\win64\141.0.7390.122\chromedriver.exe
[ForkJoinPool-2-worker-2] INFO io.github.bonigarcia.wdm.WebDriverManager - Exporting webdriver.chrome.driver as C:\Users\akrem testeur\.cache\selenium\chromedriver\win64\141.0.7390.122\chromedriver.exe
[ForkJoinPool-2-worker-4] INFO io.github.bonigarcia.wdm.WebDriverManager - Using chromedriver 141.0.7390.122 (resolved driver for Chrome 141)
[ForkJoinPool-2-worker-3] INFO io.github.bonigarcia.wdm.WebDriverManager - Using chromedriver 141.0.7390.122 (resolved driver for Chrome 141)
[ForkJoinPool-2-worker-4] INFO io.github.bonigarcia.wdm.WebDriverManager - Exporting webdriver.chrome.driver as C:\Users\akrem testeur\.cache\selenium\chromedriver\win64\141.0.7390.122\chromedriver.exe
[ForkJoinPool-2-worker-3] INFO io.github.bonigarcia.wdm.WebDriverManager - Exporting webdriver.chrome.driver as C:\Users\akrem testeur\.cache\selenium\chromedriver\win64\141.0.7390.122\chromedriver.exe
[ForkJoinPool-2-worker-5] INFO io.github.bonigarcia.wdm.WebDriverManager - Using chromedriver 141.0.7390.122 (resolved driver for Chrome 141)
[ForkJoinPool-2-worker-5] INFO io.github.bonigarcia.wdm.WebDriverManager - Exporting webdriver.chrome.driver as C:\Users\akrem testeur\.cache\selenium\chromedriver\win64\141.0.7390.122\chromedriver.exe
oct. 23, 2025 2:35:02 PM org.openqa.selenium.devtools.CdpVersionFinder findNearestMatch
AVERTISSEMENT: Unable to find an exact match for CDP version 141, returning the closest version; found: 140; Please update to a Selenium version that supports CDP version 141
oct. 23, 2025 2:35:02 PM org.openqa.selenium.devtools.CdpVersionFinder findNearestMatch
AVERTISSEMENT: Unable to find an exact match for CDP version 141, returning the closest version; found: 140; Please update to a Selenium version that supports CDP version 141
oct. 23, 2025 2:35:02 PM org.openqa.selenium.devtools.CdpVersionFinder findNearestMatch
AVERTISSEMENT: Unable to find an exact match for CDP version 141, returning the closest version; found: 140; Please update to a Selenium version that supports CDP version 141
oct. 23, 2025 2:35:03 PM org.openqa.selenium.devtools.CdpVersionFinder findNearestMatch
AVERTISSEMENT: Unable to find an exact match for CDP version 141, returning the closest version; found: 140; Please update to a Selenium version that supports CDP version 141
oct. 23, 2025 2:35:03 PM org.openqa.selenium.devtools.CdpVersionFinder findNearestMatch
AVERTISSEMENT: Unable to find an exact match for CDP version 141, returning the closest version; found: 140; Please update to a Selenium version that supports CDP version 141
]]></system-err>
  </testcase>
  <testcase name="Successful login with valid credentials" classname="OrangeHRM Login Functionality" time="35.475">
    <system-out><![CDATA[  &amp#27;[32mThen &amp#27;[0m&amp#27;[32mlogin should be successful&amp#27;[0m                           &amp#27;[90m# com.OHRM.stepdefinitions.LoginSteps.loginShouldBeSuccessful()&amp#27;[0m
  &amp#27;[32mAnd &amp#27;[0m&amp#27;[32muser should be redirected to dashboard&amp#27;[0m                &amp#27;[90m# com.OHRM.stepdefinitions.LoginSteps.userShouldBeRedirectedToDashboard()&amp#27;[0m
]]></system-out>
  </testcase>
  <testcase name="Failed login with invalid credentials" classname="OrangeHRM Login Functionality" time="34.325">
    <system-out><![CDATA[  &amp#27;[32mThen &amp#27;[0m&amp#27;[32mlogin should fail&amp#27;[0m                                     &amp#27;[90m# com.OHRM.stepdefinitions.LoginSteps.loginShouldFail()&amp#27;[0m
  &amp#27;[32mAnd &amp#27;[0m&amp#27;[32merror message should be &amp#27;[0m&amp#27;[32m&amp#27;[1m"Invalid credentials"&amp#27;[0m          &amp#27;[90m# com.OHRM.stepdefinitions.LoginSteps.errorMessageShouldBe(java.lang.String)&amp#27;[0m
]]></system-out>
  </testcase>
  <testcase name="Failed login with empty username" classname="OrangeHRM Login Functionality" time="61.75">
    <system-out><![CDATA[  &amp#27;[32mThen &amp#27;[0m&amp#27;[32mlogin should fail&amp#27;[0m                               &amp#27;[90m# com.OHRM.stepdefinitions.LoginSteps.loginShouldFail()&amp#27;[0m
  &amp#27;[32mThen &amp#27;[0m&amp#27;[32mlogin should fail&amp#27;[0m                            &amp#27;[90m# com.OHRM.stepdefinitions.LoginSteps.loginShouldFail()&amp#27;[0m
  &amp#27;[32mAnd &amp#27;[0m&amp#27;[32merror message should be &amp#27;[0m&amp#27;[32m&amp#27;[1m"Required"&amp#27;[0m               &amp#27;[90m# com.OHRM.stepdefinitions.LoginSteps.errorMessageShouldBe(java.lang.String)&amp#27;[0m
]]></system-out>
  </testcase>
  <testcase name="Failed login with empty password" classname="OrangeHRM Login Functionality" time="61.764">
    <system-out><![CDATA[  &amp#27;[32mAnd &amp#27;[0m&amp#27;[32merror message should be &amp#27;[0m&amp#27;[32m&amp#27;[1m"Required"&amp#27;[0m            &amp#27;[90m# com.OHRM.stepdefinitions.LoginSteps.errorMessageShouldBe(java.lang.String)&amp#27;[0m
]]></system-out>
  </testcase>
</testsuite>